<?xml version="1.0" encoding="UTF-8"?>
<!-- Generated by org.testng.reporters.JUnitReportReporter -->
<testsuite hostname="DESKTOP-5MIR2VT" failures="0" tests="1" name="com.WStore.testCases.VerifySearchResult" time="0.034" errors="0" timestamp="2022-08-26T22:38:28 EDT" skipped="0">
  <testcase classname="com.WStore.testCases.VerifySearchResult" name="Result" time="0.034"/>
  <system-out/>
</testsuite> <!-- com.WStore.testCases.VerifySearchResult -->
