<?xml version="1.0" encoding="UTF-8"?>
<!-- Generated by org.testng.reporters.JUnitReportReporter -->
<testsuite hostname="DESKTOP-5MIR2VT" failures="0" tests="1" name="com.WStore.pageObjects.SearchTest" time="0.005" errors="0" timestamp="2022-08-26T16:00:07 EDT" skipped="0">
  <testcase classname="com.WStore.pageObjects.SearchTest" name="search" time="0.005"/>
  <system-out/>
</testsuite> <!-- com.WStore.pageObjects.SearchTest -->
