<?xml version="1.0" encoding="UTF-8"?>
<!-- Generated by org.testng.reporters.JUnitReportReporter -->
<testsuite hostname="DESKTOP-5MIR2VT" failures="0" tests="1" name="com.WStore.testCases.SearchTest" time="4.972" errors="0" timestamp="2022-08-26T22:40:20 EDT" skipped="0">
  <testcase classname="com.WStore.testCases.SearchTest" name="search" time="4.972"/>
  <system-out/>
</testsuite> <!-- com.WStore.testCases.SearchTest -->
